<?xml version="1.0" encoding="UTF-8"?>
<coverage generated="1739053522918" clover="3.2.0">
  <project timestamp="1739053522918" name="All files">
    <metrics statements="25" coveredstatements="21" conditionals="21" coveredconditionals="16" methods="14" coveredmethods="12" elements="60" coveredelements="49" complexity="0" loc="25" ncloc="25" packages="2" files="2" classes="2"/>
    <package name="components.data-table">
      <metrics statements="25" coveredstatements="21" conditionals="21" coveredconditionals="16" methods="14" coveredmethods="12"/>
      <file name="DataTable.tsx" path="/Users/coltonortolf/Documents/Cursor_Projects/worklist-manager/src/components/data-table/DataTable.tsx">
        <metrics statements="25" coveredstatements="21" conditionals="21" coveredconditionals="16" methods="14" coveredmethods="12"/>
        <line num="16" count="1" type="stmt"/>
        <line num="25" count="17" type="stmt"/>
        <line num="26" count="17" type="cond" truecount="2" falsecount="0"/>
        <line num="30" count="17" type="stmt"/>
        <line num="31" count="69" type="stmt"/>
        <line num="38" count="81" type="stmt"/>
        <line num="39" count="81" type="stmt"/>
        <line num="51" count="548" type="stmt"/>
        <line num="52" count="548" type="cond" truecount="2" falsecount="0"/>
        <line num="54" count="270" type="cond" truecount="2" falsecount="1"/>
        <line num="56" count="135" type="stmt"/>
        <line num="60" count="1" type="stmt"/>
        <line num="65" count="135" type="stmt"/>
        <line num="69" count="1" type="stmt"/>
        <line num="75" count="399" type="stmt"/>
        <line num="82" count="0" type="stmt"/>
        <line num="89" count="17" type="stmt"/>
        <line num="91" count="1030" type="stmt"/>
        <line num="97" count="9" type="stmt"/>
        <line num="98" count="4" type="cond" truecount="1" falsecount="1"/>
        <line num="99" count="4" type="stmt"/>
        <line num="101" count="4" type="stmt"/>
        <line num="104" count="0" type="cond" truecount="0" falsecount="2"/>
        <line num="105" count="0" type="stmt"/>
        <line num="107" count="0" type="stmt"/>
      </file>
    </package>
    <package name="types">
      <metrics statements="0" coveredstatements="0" conditionals="0" coveredconditionals="0" methods="0" coveredmethods="0"/>
      <file name="index.ts" path="/Users/coltonortolf/Documents/Cursor_Projects/worklist-manager/src/types/index.ts">
        <metrics statements="0" coveredstatements="0" conditionals="0" coveredconditionals="0" methods="0" coveredmethods="0"/>
      </file>
    </package>
  </project>
</coverage>
