<?xml version="1.0" encoding="UTF-8"?>
<coverage generated="1738974863523" clover="3.2.0">
  <project timestamp="1738974863523" name="All files">
    <metrics statements="20" coveredstatements="8" conditionals="11" coveredconditionals="2" methods="11" coveredmethods="6" elements="42" coveredelements="16" complexity="0" loc="20" ncloc="20" packages="2" files="3" classes="3"/>
    <package name="components.data-table">
      <metrics statements="20" coveredstatements="8" conditionals="11" coveredconditionals="2" methods="11" coveredmethods="6"/>
      <file name="DataTable.tsx" path="/Users/coltonortolf/Documents/Cursor_Projects/worklist-manager/src/components/data-table/DataTable.tsx">
        <metrics statements="20" coveredstatements="8" conditionals="11" coveredconditionals="2" methods="11" coveredmethods="6"/>
        <line num="14" count="1" type="stmt"/>
        <line num="20" count="2" type="stmt"/>
        <line num="21" count="4" type="stmt"/>
        <line num="28" count="8" type="stmt"/>
        <line num="29" count="8" type="cond" truecount="1" falsecount="1"/>
        <line num="31" count="0" type="cond" truecount="0" falsecount="3"/>
        <line num="33" count="0" type="stmt"/>
        <line num="37" count="0" type="stmt"/>
        <line num="42" count="0" type="stmt"/>
        <line num="46" count="0" type="stmt"/>
        <line num="52" count="0" type="stmt"/>
        <line num="59" count="0" type="stmt"/>
        <line num="66" count="2" type="stmt"/>
        <line num="67" count="4" type="stmt"/>
        <line num="74" count="2" type="stmt"/>
        <line num="81" count="0" type="stmt"/>
        <line num="82" count="0" type="stmt"/>
        <line num="83" count="0" type="cond" truecount="0" falsecount="2"/>
        <line num="84" count="0" type="stmt"/>
        <line num="86" count="0" type="stmt"/>
      </file>
    </package>
    <package name="types">
      <metrics statements="0" coveredstatements="0" conditionals="0" coveredconditionals="0" methods="0" coveredmethods="0"/>
      <file name="index.ts" path="/Users/coltonortolf/Documents/Cursor_Projects/worklist-manager/src/types/index.ts">
        <metrics statements="0" coveredstatements="0" conditionals="0" coveredconditionals="0" methods="0" coveredmethods="0"/>
      </file>
      <file name="project.ts" path="/Users/coltonortolf/Documents/Cursor_Projects/worklist-manager/src/types/project.ts">
        <metrics statements="0" coveredstatements="0" conditionals="0" coveredconditionals="0" methods="0" coveredmethods="0"/>
      </file>
    </package>
  </project>
</coverage>
