{"/Users/coltonortolf/Documents/Cursor_Projects/worklist-manager/src/components/data-table/DataTable.tsx": {"path":"/Users/coltonortolf/Documents/Cursor_Projects/worklist-manager/src/components/data-table/DataTable.tsx","statementMap":{"0":{"start":{"line":14,"column":51},"end":{"line":99,"column":1}},"1":{"start":{"line":20,"column":36},"end":{"line":64,"column":3}},"2":{"start":{"line":21,"column":4},"end":{"line":62,"column":7}},"3":{"start":{"line":21,"column":41},"end":{"line":62,"column":5}},"4":{"start":{"line":28,"column":29},"end":{"line":28,"column":50}},"5":{"start":{"line":29,"column":8},"end":{"line":29,"column":47}},"6":{"start":{"line":29,"column":27},"end":{"line":29,"column":47}},"7":{"start":{"line":31,"column":8},"end":{"line":60,"column":9}},"8":{"start":{"line":33,"column":12},"end":{"line":40,"column":14}},"9":{"start":{"line":37,"column":18},"end":{"line":37,"column":71}},"10":{"start":{"line":42,"column":12},"end":{"line":57,"column":14}},"11":{"start":{"line":46,"column":18},"end":{"line":46,"column":69}},"12":{"start":{"line":52,"column":18},"end":{"line":54,"column":29}},"13":{"start":{"line":59,"column":12},"end":{"line":59,"column":32}},"14":{"start":{"line":66,"column":15},"end":{"line":72,"column":3}},"15":{"start":{"line":67,"column":4},"end":{"line":70,"column":7}},"16":{"start":{"line":67,"column":30},"end":{"line":70,"column":5}},"17":{"start":{"line":74,"column":2},"end":{"line":98,"column":4}},"18":{"start":{"line":81,"column":8},"end":{"line":81,"column":43}},"19":{"start":{"line":82,"column":29},"end":{"line":82,"column":89}},"20":{"start":{"line":82,"column":61},"end":{"line":82,"column":88}},"21":{"start":{"line":83,"column":8},"end":{"line":85,"column":9}},"22":{"start":{"line":84,"column":10},"end":{"line":84,"column":70}},"23":{"start":{"line":86,"column":8},"end":{"line":86,"column":22}}},"fnMap":{"0":{"name":"(anonymous_0)","decl":{"start":{"line":14,"column":51},"end":{"line":14,"column":52}},"loc":{"start":{"line":19,"column":6},"end":{"line":99,"column":1}},"line":19},"1":{"name":"(anonymous_1)","decl":{"start":{"line":20,"column":44},"end":{"line":20,"column":45}},"loc":{"start":{"line":21,"column":4},"end":{"line":62,"column":7}},"line":21},"2":{"name":"(anonymous_2)","decl":{"start":{"line":21,"column":16},"end":{"line":21,"column":17}},"loc":{"start":{"line":21,"column":41},"end":{"line":62,"column":5}},"line":21},"3":{"name":"(anonymous_3)","decl":{"start":{"line":27,"column":18},"end":{"line":27,"column":19}},"loc":{"start":{"line":27,"column":52},"end":{"line":61,"column":7}},"line":27},"4":{"name":"(anonymous_4)","decl":{"start":{"line":36,"column":26},"end":{"line":36,"column":27}},"loc":{"start":{"line":37,"column":18},"end":{"line":37,"column":71}},"line":37},"5":{"name":"(anonymous_5)","decl":{"start":{"line":45,"column":26},"end":{"line":45,"column":27}},"loc":{"start":{"line":46,"column":18},"end":{"line":46,"column":69}},"line":46},"6":{"name":"(anonymous_6)","decl":{"start":{"line":51,"column":43},"end":{"line":51,"column":44}},"loc":{"start":{"line":52,"column":18},"end":{"line":54,"column":29}},"line":52},"7":{"name":"(anonymous_7)","decl":{"start":{"line":66,"column":23},"end":{"line":66,"column":24}},"loc":{"start":{"line":67,"column":4},"end":{"line":70,"column":7}},"line":67},"8":{"name":"(anonymous_8)","decl":{"start":{"line":67,"column":13},"end":{"line":67,"column":14}},"loc":{"start":{"line":67,"column":30},"end":{"line":70,"column":5}},"line":67},"9":{"name":"(anonymous_9)","decl":{"start":{"line":80,"column":24},"end":{"line":80,"column":25}},"loc":{"start":{"line":80,"column":44},"end":{"line":87,"column":7}},"line":80},"10":{"name":"(anonymous_10)","decl":{"start":{"line":82,"column":54},"end":{"line":82,"column":55}},"loc":{"start":{"line":82,"column":61},"end":{"line":82,"column":88}},"line":82}},"branchMap":{"0":{"loc":{"start":{"line":26,"column":16},"end":{"line":26,"column":79}},"type":"binary-expr","locations":[{"start":{"line":26,"column":16},"end":{"line":26,"column":38}},{"start":{"line":26,"column":42},"end":{"line":26,"column":79}}],"line":26},"1":{"loc":{"start":{"line":29,"column":8},"end":{"line":29,"column":47}},"type":"if","locations":[{"start":{"line":29,"column":8},"end":{"line":29,"column":47}},{"start":{},"end":{}}],"line":29},"2":{"loc":{"start":{"line":31,"column":8},"end":{"line":60,"column":9}},"type":"switch","locations":[{"start":{"line":32,"column":10},"end":{"line":40,"column":14}},{"start":{"line":41,"column":10},"end":{"line":57,"column":14}},{"start":{"line":58,"column":10},"end":{"line":59,"column":32}}],"line":31},"3":{"loc":{"start":{"line":44,"column":23},"end":{"line":44,"column":41}},"type":"binary-expr","locations":[{"start":{"line":44,"column":23},"end":{"line":44,"column":35}},{"start":{"line":44,"column":39},"end":{"line":44,"column":41}}],"line":44},"4":{"loc":{"start":{"line":83,"column":8},"end":{"line":85,"column":9}},"type":"if","locations":[{"start":{"line":83,"column":8},"end":{"line":85,"column":9}},{"start":{},"end":{}}],"line":83}},"s":{"0":1,"1":2,"2":2,"3":4,"4":8,"5":8,"6":8,"7":0,"8":0,"9":0,"10":0,"11":0,"12":0,"13":0,"14":2,"15":2,"16":4,"17":2,"18":0,"19":0,"20":0,"21":0,"22":0,"23":0},"f":{"0":2,"1":2,"2":4,"3":8,"4":0,"5":0,"6":0,"7":2,"8":4,"9":0,"10":0},"b":{"0":[4,0],"1":[8,0],"2":[0,0,0],"3":[0,0],"4":[0,0]},"_coverageSchema":"1a1c01bbd47fc00a2c39e90264f33305004495a9","hash":"3a907cbff5885d23dc4068748a9ade47b1e31b27"}
,"/Users/coltonortolf/Documents/Cursor_Projects/worklist-manager/src/types/index.ts": {"path":"/Users/coltonortolf/Documents/Cursor_Projects/worklist-manager/src/types/index.ts","statementMap":{},"fnMap":{},"branchMap":{},"s":{},"f":{},"b":{}}
,"/Users/coltonortolf/Documents/Cursor_Projects/worklist-manager/src/types/project.ts": {"path":"/Users/coltonortolf/Documents/Cursor_Projects/worklist-manager/src/types/project.ts","statementMap":{},"fnMap":{},"branchMap":{},"s":{},"f":{},"b":{}}
}
