{"/Users/coltonortolf/Documents/Cursor_Projects/worklist-manager/src/components/data-table/DataTable.tsx": {"path":"/Users/coltonortolf/Documents/Cursor_Projects/worklist-manager/src/components/data-table/DataTable.tsx","statementMap":{"0":{"start":{"line":16,"column":51},"end":{"line":121,"column":1}},"1":{"start":{"line":25,"column":25},"end":{"line":28,"column":3}},"2":{"start":{"line":26,"column":4},"end":{"line":26,"column":26}},"3":{"start":{"line":30,"column":36},"end":{"line":87,"column":3}},"4":{"start":{"line":31,"column":4},"end":{"line":85,"column":7}},"5":{"start":{"line":31,"column":48},"end":{"line":85,"column":5}},"6":{"start":{"line":38,"column":29},"end":{"line":38,"column":50}},"7":{"start":{"line":39,"column":8},"end":{"line":48,"column":10}},"8":{"start":{"line":51,"column":29},"end":{"line":51,"column":50}},"9":{"start":{"line":52,"column":8},"end":{"line":52,"column":47}},"10":{"start":{"line":52,"column":27},"end":{"line":52,"column":47}},"11":{"start":{"line":54,"column":8},"end":{"line":83,"column":9}},"12":{"start":{"line":56,"column":12},"end":{"line":63,"column":14}},"13":{"start":{"line":60,"column":18},"end":{"line":60,"column":71}},"14":{"start":{"line":65,"column":12},"end":{"line":80,"column":14}},"15":{"start":{"line":69,"column":18},"end":{"line":69,"column":69}},"16":{"start":{"line":75,"column":18},"end":{"line":77,"column":29}},"17":{"start":{"line":82,"column":12},"end":{"line":82,"column":32}},"18":{"start":{"line":89,"column":2},"end":{"line":120,"column":4}},"19":{"start":{"line":91,"column":38},"end":{"line":91,"column":59}},"20":{"start":{"line":97,"column":29},"end":{"line":97,"column":89}},"21":{"start":{"line":97,"column":61},"end":{"line":97,"column":88}},"22":{"start":{"line":98,"column":8},"end":{"line":100,"column":9}},"23":{"start":{"line":99,"column":10},"end":{"line":99,"column":70}},"24":{"start":{"line":101,"column":8},"end":{"line":101,"column":22}},"25":{"start":{"line":104,"column":25},"end":{"line":106,"column":17}},"26":{"start":{"line":105,"column":33},"end":{"line":105,"column":42}},"27":{"start":{"line":107,"column":8},"end":{"line":107,"column":40}}},"fnMap":{"0":{"name":"(anonymous_0)","decl":{"start":{"line":16,"column":51},"end":{"line":16,"column":52}},"loc":{"start":{"line":23,"column":6},"end":{"line":121,"column":1}},"line":23},"1":{"name":"(anonymous_1)","decl":{"start":{"line":25,"column":33},"end":{"line":25,"column":34}},"loc":{"start":{"line":26,"column":4},"end":{"line":26,"column":26}},"line":26},"2":{"name":"(anonymous_2)","decl":{"start":{"line":30,"column":44},"end":{"line":30,"column":45}},"loc":{"start":{"line":31,"column":4},"end":{"line":85,"column":7}},"line":31},"3":{"name":"(anonymous_3)","decl":{"start":{"line":31,"column":23},"end":{"line":31,"column":24}},"loc":{"start":{"line":31,"column":48},"end":{"line":85,"column":5}},"line":31},"4":{"name":"(anonymous_4)","decl":{"start":{"line":37,"column":20},"end":{"line":37,"column":21}},"loc":{"start":{"line":37,"column":26},"end":{"line":49,"column":7}},"line":37},"5":{"name":"(anonymous_5)","decl":{"start":{"line":50,"column":18},"end":{"line":50,"column":19}},"loc":{"start":{"line":50,"column":52},"end":{"line":84,"column":7}},"line":50},"6":{"name":"(anonymous_6)","decl":{"start":{"line":59,"column":26},"end":{"line":59,"column":27}},"loc":{"start":{"line":60,"column":18},"end":{"line":60,"column":71}},"line":60},"7":{"name":"(anonymous_7)","decl":{"start":{"line":68,"column":26},"end":{"line":68,"column":27}},"loc":{"start":{"line":69,"column":18},"end":{"line":69,"column":69}},"line":69},"8":{"name":"(anonymous_8)","decl":{"start":{"line":74,"column":43},"end":{"line":74,"column":44}},"loc":{"start":{"line":75,"column":18},"end":{"line":77,"column":29}},"line":75},"9":{"name":"(anonymous_9)","decl":{"start":{"line":91,"column":21},"end":{"line":91,"column":22}},"loc":{"start":{"line":91,"column":38},"end":{"line":91,"column":59}},"line":91},"10":{"name":"(anonymous_10)","decl":{"start":{"line":96,"column":24},"end":{"line":96,"column":25}},"loc":{"start":{"line":96,"column":44},"end":{"line":102,"column":7}},"line":96},"11":{"name":"(anonymous_11)","decl":{"start":{"line":97,"column":54},"end":{"line":97,"column":55}},"loc":{"start":{"line":97,"column":61},"end":{"line":97,"column":88}},"line":97},"12":{"name":"(anonymous_12)","decl":{"start":{"line":103,"column":27},"end":{"line":103,"column":28}},"loc":{"start":{"line":103,"column":39},"end":{"line":108,"column":7}},"line":103},"13":{"name":"(anonymous_13)","decl":{"start":{"line":105,"column":26},"end":{"line":105,"column":27}},"loc":{"start":{"line":105,"column":33},"end":{"line":105,"column":42}},"line":105}},"branchMap":{"0":{"loc":{"start":{"line":26,"column":4},"end":{"line":26,"column":26}},"type":"binary-expr","locations":[{"start":{"line":26,"column":4},"end":{"line":26,"column":15}},{"start":{"line":26,"column":19},"end":{"line":26,"column":26}}],"line":26},"1":{"loc":{"start":{"line":33,"column":18},"end":{"line":33,"column":56}},"type":"binary-expr","locations":[{"start":{"line":33,"column":18},"end":{"line":33,"column":46}},{"start":{"line":33,"column":50},"end":{"line":33,"column":56}}],"line":33},"2":{"loc":{"start":{"line":36,"column":16},"end":{"line":36,"column":79}},"type":"binary-expr","locations":[{"start":{"line":36,"column":16},"end":{"line":36,"column":38}},{"start":{"line":36,"column":42},"end":{"line":36,"column":79}}],"line":36},"3":{"loc":{"start":{"line":41,"column":19},"end":{"line":41,"column":49}},"type":"binary-expr","locations":[{"start":{"line":41,"column":19},"end":{"line":41,"column":43}},{"start":{"line":41,"column":47},"end":{"line":41,"column":49}}],"line":41},"4":{"loc":{"start":{"line":45,"column":15},"end":{"line":45,"column":44}},"type":"binary-expr","locations":[{"start":{"line":45,"column":15},"end":{"line":45,"column":34}},{"start":{"line":45,"column":38},"end":{"line":45,"column":44}}],"line":45},"5":{"loc":{"start":{"line":52,"column":8},"end":{"line":52,"column":47}},"type":"if","locations":[{"start":{"line":52,"column":8},"end":{"line":52,"column":47}},{"start":{},"end":{}}],"line":52},"6":{"loc":{"start":{"line":54,"column":8},"end":{"line":83,"column":9}},"type":"switch","locations":[{"start":{"line":55,"column":10},"end":{"line":63,"column":14}},{"start":{"line":64,"column":10},"end":{"line":80,"column":14}},{"start":{"line":81,"column":10},"end":{"line":82,"column":32}}],"line":54},"7":{"loc":{"start":{"line":67,"column":23},"end":{"line":67,"column":41}},"type":"binary-expr","locations":[{"start":{"line":67,"column":23},"end":{"line":67,"column":35}},{"start":{"line":67,"column":39},"end":{"line":67,"column":41}}],"line":67},"8":{"loc":{"start":{"line":98,"column":8},"end":{"line":100,"column":9}},"type":"if","locations":[{"start":{"line":98,"column":8},"end":{"line":100,"column":9}},{"start":{},"end":{}}],"line":98},"9":{"loc":{"start":{"line":104,"column":25},"end":{"line":106,"column":17}},"type":"cond-expr","locations":[{"start":{"line":105,"column":10},"end":{"line":105,"column":43}},{"start":{"line":106,"column":10},"end":{"line":106,"column":17}}],"line":104}},"s":{"0":1,"1":17,"2":17,"3":17,"4":17,"5":69,"6":81,"7":81,"8":548,"9":548,"10":278,"11":270,"12":135,"13":1,"14":135,"15":1,"16":399,"17":0,"18":17,"19":1030,"20":4,"21":9,"22":4,"23":4,"24":4,"25":0,"26":0,"27":0},"f":{"0":17,"1":17,"2":17,"3":69,"4":81,"5":548,"6":1,"7":1,"8":399,"9":1030,"10":4,"11":9,"12":0,"13":0},"b":{"0":[17,16],"1":[69,35],"2":[69,34],"3":[81,64],"4":[81,47],"5":[278,270],"6":[135,135,0],"7":[135,0],"8":[4,0],"9":[0,0]},"_coverageSchema":"1a1c01bbd47fc00a2c39e90264f33305004495a9","hash":"98f2f4ffa44076755fdf9dcc32a6e1afa24e937b"}
,"/Users/coltonortolf/Documents/Cursor_Projects/worklist-manager/src/types/index.ts": {"path":"/Users/coltonortolf/Documents/Cursor_Projects/worklist-manager/src/types/index.ts","statementMap":{},"fnMap":{},"branchMap":{},"s":{},"f":{},"b":{}}
}
