TN:
SF:src/components/data-table/DataTable.tsx
FN:14,(anonymous_0)
FN:20,(anonymous_1)
FN:21,(anonymous_2)
FN:27,(anonymous_3)
FN:36,(anonymous_4)
FN:45,(anonymous_5)
FN:51,(anonymous_6)
FN:66,(anonymous_7)
FN:67,(anonymous_8)
FN:80,(anonymous_9)
FN:82,(anonymous_10)
FNF:11
FNH:6
FNDA:2,(anonymous_0)
FNDA:2,(anonymous_1)
FNDA:4,(anonymous_2)
FNDA:8,(anonymous_3)
FNDA:0,(anonymous_4)
FNDA:0,(anonymous_5)
FNDA:0,(anonymous_6)
FNDA:2,(anonymous_7)
FNDA:4,(anonymous_8)
FNDA:0,(anonymous_9)
FNDA:0,(anonymous_10)
DA:14,1
DA:20,2
DA:21,4
DA:28,8
DA:29,8
DA:31,0
DA:33,0
DA:37,0
DA:42,0
DA:46,0
DA:52,0
DA:59,0
DA:66,2
DA:67,4
DA:74,2
DA:81,0
DA:82,0
DA:83,0
DA:84,0
DA:86,0
LF:20
LH:8
BRDA:26,0,0,4
BRDA:26,0,1,0
BRDA:29,1,0,8
BRDA:29,1,1,0
BRDA:31,2,0,0
BRDA:31,2,1,0
BRDA:31,2,2,0
BRDA:44,3,0,0
BRDA:44,3,1,0
BRDA:83,4,0,0
BRDA:83,4,1,0
BRF:11
BRH:2
end_of_record
TN:
SF:src/types/index.ts
FNF:0
FNH:0
LF:0
LH:0
BRF:0
BRH:0
end_of_record
TN:
SF:src/types/project.ts
FNF:0
FNH:0
LF:0
LH:0
BRF:0
BRH:0
end_of_record
