TN:
SF:src/components/data-table/DataTable.tsx
FN:16,(anonymous_0)
FN:25,(anonymous_1)
FN:30,(anonymous_2)
FN:31,(anonymous_3)
FN:37,(anonymous_4)
FN:50,(anonymous_5)
FN:59,(anonymous_6)
FN:68,(anonymous_7)
FN:74,(anonymous_8)
FN:91,(anonymous_9)
FN:96,(anonymous_10)
FN:97,(anonymous_11)
FN:103,(anonymous_12)
FN:105,(anonymous_13)
FNF:14
FNH:12
FNDA:17,(anonymous_0)
FNDA:17,(anonymous_1)
FNDA:17,(anonymous_2)
FNDA:69,(anonymous_3)
FNDA:81,(anonymous_4)
FNDA:548,(anonymous_5)
FNDA:1,(anonymous_6)
FNDA:1,(anonymous_7)
FNDA:399,(anonymous_8)
FNDA:1030,(anonymous_9)
FNDA:4,(anonymous_10)
FNDA:9,(anonymous_11)
FNDA:0,(anonymous_12)
FNDA:0,(anonymous_13)
DA:16,1
DA:25,17
DA:26,17
DA:30,17
DA:31,69
DA:38,81
DA:39,81
DA:51,548
DA:52,548
DA:54,270
DA:56,135
DA:60,1
DA:65,135
DA:69,1
DA:75,399
DA:82,0
DA:89,17
DA:91,1030
DA:97,9
DA:98,4
DA:99,4
DA:101,4
DA:104,0
DA:105,0
DA:107,0
LF:25
LH:21
BRDA:26,0,0,17
BRDA:26,0,1,16
BRDA:33,1,0,69
BRDA:33,1,1,35
BRDA:36,2,0,69
BRDA:36,2,1,34
BRDA:41,3,0,81
BRDA:41,3,1,64
BRDA:45,4,0,81
BRDA:45,4,1,47
BRDA:52,5,0,278
BRDA:52,5,1,270
BRDA:54,6,0,135
BRDA:54,6,1,135
BRDA:54,6,2,0
BRDA:67,7,0,135
BRDA:67,7,1,0
BRDA:98,8,0,4
BRDA:98,8,1,0
BRDA:104,9,0,0
BRDA:104,9,1,0
BRF:21
BRH:16
end_of_record
TN:
SF:src/types/index.ts
FNF:0
FNH:0
LF:0
LH:0
BRF:0
BRH:0
end_of_record
